#
# There is insufficient memory for the Java Runtime Environment to continue.
# Native memory allocation (mmap) failed to map 65536 bytes for Failed to commit metaspace.
# Possible reasons:
#   The system is out of physical RAM or swap space
#   The process is running with CompressedOops enabled, and the Java Heap may be blocking the growth of the native heap
# Possible solutions:
#   Reduce memory load on the system
#   Increase physical memory or swap space
#   Check if swap backing store is full
#   Decrease Java heap size (-Xmx/-Xms)
#   Decrease number of Java threads
#   Decrease Java thread stack sizes (-Xss)
#   Set larger code cache with -XX:ReservedCodeCacheSize=
#   JVM is running with Unscaled Compressed Oops mode in which the Java heap is
#     placed in the first 4GB address space. The Java Heap base address is the
#     maximum limit for the native heap growth. Please use -XX:HeapBaseMinAddress
#     to set the Java Heap base and to place the Java Heap above 4GB virtual address.
# This output file may be truncated or incomplete.
#
#  Out of Memory Error (virtualSpaceNode.cpp:110), pid=16676, tid=14552
#
# JRE version: Java(TM) SE Runtime Environment (17.0.11+7) (build 17.0.11+7-LTS-207)
# Java VM: Java HotSpot(TM) 64-Bit Server VM (17.0.11+7-LTS-207, mixed mode, sharing, tiered, compressed oops, compressed class ptrs, g1 gc, windows-amd64)
# No core dump will be written. Minidumps are not enabled by default on client versions of Windows
#

---------------  S U M M A R Y ------------

Command Line: -Xmx64m -Xms64m -Dorg.gradle.appname=gradlew org.gradle.wrapper.GradleWrapperMain app:installDebug -PreactNativeDevServerPort=8081

Host: Intel(R) Core(TM) i5-10300H CPU @ 2.50GHz, 8 cores, 15G,  Windows 10 , 64 bit Build 19041 (10.0.19041.3636)
Time: Fri Jun  7 23:23:27 2024  Windows 10 , 64 bit Build 19041 (10.0.19041.3636) elapsed time: 0.528428 seconds (0d 0h 0m 0s)

---------------  T H R E A D  ---------------

Current thread (0x000001fc33301790):  JavaThread "main" [_thread_in_vm, id=14552, stack(0x00000037b0100000,0x00000037b0200000)]

Stack: [0x00000037b0100000,0x00000037b0200000]
Native frames: (J=compiled Java code, j=interpreted, Vv=VM code, C=native code)
V  [jvm.dll+0x679cca]
V  [jvm.dll+0x7da13d]
V  [jvm.dll+0x7dba83]
V  [jvm.dll+0x7dc0f3]
V  [jvm.dll+0x2449af]
V  [jvm.dll+0x7d5d0b]
V  [jvm.dll+0x6200b6]
V  [jvm.dll+0x1be687]
V  [jvm.dll+0x622a12]
V  [jvm.dll+0x620a76]
V  [jvm.dll+0x1de8df]
V  [jvm.dll+0x1dfd9b]
V  [jvm.dll+0x1e8174]
V  [jvm.dll+0x1e8355]
V  [jvm.dll+0x1e8c9b]
V  [jvm.dll+0x1de3c1]
V  [jvm.dll+0x53f19c]
V  [jvm.dll+0x754fc8]
V  [jvm.dll+0x7550b4]
V  [jvm.dll+0x40cb9f]
V  [jvm.dll+0x413629]
C  [java.dll+0x17ec]

Java frames: (J=compiled Java code, j=interpreted, Vv=VM code)
J 811  java.lang.ClassLoader.defineClass1(Ljava/lang/ClassLoader;Ljava/lang/String;[BIILjava/security/ProtectionDomain;Ljava/lang/String;)Ljava/lang/Class; java.base@17.0.11 (0 bytes) @ 0x000001fc426e51e3 [0x000001fc426e5120+0x00000000000000c3]
J 920 c1 java.lang.ClassLoader.defineClass(Ljava/lang/String;[BIILjava/security/ProtectionDomain;)Ljava/lang/Class; java.base@17.0.11 (43 bytes) @ 0x000001fc3ad748d4 [0x000001fc3ad74580+0x0000000000000354]
J 915 c1 java.security.SecureClassLoader.defineClass(Ljava/lang/String;[BIILjava/security/CodeSource;)Ljava/lang/Class; java.base@17.0.11 (16 bytes) @ 0x000001fc3ad72a8c [0x000001fc3ad729c0+0x00000000000000cc]
J 1003 c1 java.net.URLClassLoader.defineClass(Ljava/lang/String;Ljdk/internal/loader/Resource;)Ljava/lang/Class; java.base@17.0.11 (224 bytes) @ 0x000001fc3ad96a44 [0x000001fc3ad94fc0+0x0000000000001a84]
J 776 c1 java.net.URLClassLoader$1.run()Ljava/lang/Class; java.base@17.0.11 (81 bytes) @ 0x000001fc3ad1d85c [0x000001fc3ad1cc20+0x0000000000000c3c]
J 775 c1 java.net.URLClassLoader$1.run()Ljava/lang/Object; java.base@17.0.11 (5 bytes) @ 0x000001fc3ad1c744 [0x000001fc3ad1c6c0+0x0000000000000084]
J 631 c1 java.security.AccessController.doPrivileged(Ljava/security/PrivilegedExceptionAction;Ljava/security/AccessControlContext;)Ljava/lang/Object; java.base@17.0.11 (26 bytes) @ 0x000001fc3accecfc [0x000001fc3acceb20+0x00000000000001dc]
J 773 c1 java.net.URLClassLoader.findClass(Ljava/lang/String;)Ljava/lang/Class; java.base@17.0.11 (47 bytes) @ 0x000001fc3ad1b99c [0x000001fc3ad1b800+0x000000000000019c]
J 689 c1 java.lang.ClassLoader.loadClass(Ljava/lang/String;Z)Ljava/lang/Class; java.base@17.0.11 (121 bytes) @ 0x000001fc3acf8c74 [0x000001fc3acf86c0+0x00000000000005b4]
J 720 c1 java.lang.ClassLoader.loadClass(Ljava/lang/String;)Ljava/lang/Class; java.base@17.0.11 (7 bytes) @ 0x000001fc3ad073cc [0x000001fc3ad072c0+0x000000000000010c]
v  ~StubRoutines::call_stub
j  com.google.common.collect.Sets.newHashSetWithExpectedSize(I)Ljava/util/HashSet;+5
j  com.google.common.collect.Sets.newHashSet([Ljava/lang/Object;)Ljava/util/HashSet;+2
j  org.gradle.internal.jvm.Jvm.<clinit>()V+22
v  ~StubRoutines::call_stub
j  org.gradle.internal.jvm.inspection.CachingJvmMetadataDetector.<init>(Lorg/gradle/internal/jvm/inspection/JvmMetadataDetector;)V+28
j  org.gradle.internal.service.scopes.BasicGlobalScopeServices.createJvmMetadataDetector(Lorg/gradle/process/internal/ExecHandleFactory;Lorg/gradle/api/internal/file/temp/TemporaryFileProvider;)Lorg/gradle/internal/jvm/inspection/JvmMetadataDetector;+27
v  ~StubRoutines::call_stub
j  jdk.internal.reflect.NativeMethodAccessorImpl.invoke0(Ljava/lang/reflect/Method;Ljava/lang/Object;[Ljava/lang/Object;)Ljava/lang/Object;+0 java.base@17.0.11
j  jdk.internal.reflect.NativeMethodAccessorImpl.invoke(Ljava/lang/Object;[Ljava/lang/Object;)Ljava/lang/Object;+133 java.base@17.0.11
j  jdk.internal.reflect.DelegatingMethodAccessorImpl.invoke(Ljava/lang/Object;[Ljava/lang/Object;)Ljava/lang/Object;+6 java.base@17.0.11
j  java.lang.reflect.Method.invoke(Ljava/lang/Object;[Ljava/lang/Object;)Ljava/lang/Object;+59 java.base@17.0.11
j  org.gradle.internal.reflect.JavaMethod.invoke(Ljava/lang/Object;[Ljava/lang/Object;)Ljava/lang/Object;+6
j  org.gradle.internal.service.ReflectionBasedServiceMethod.invoke(Ljava/lang/Object;[Ljava/lang/Object;)Ljava/lang/Object;+6
j  org.gradle.internal.service.DefaultServiceRegistry$FactoryMethodService.invokeMethod([Ljava/lang/Object;)Ljava/lang/Object;+9
j  org.gradle.internal.service.DefaultServiceRegistry$FactoryService.createServiceInstance()Ljava/lang/Object;+7
j  org.gradle.internal.service.DefaultServiceRegistry$ManagedObjectServiceProvider.getInstance()Ljava/lang/Object;+24
j  org.gradle.internal.service.DefaultServiceRegistry$SingletonService.get()Ljava/lang/Object;+1
j  org.gradle.internal.service.DefaultServiceRegistry$FactoryService.assembleParameters()[Ljava/lang/Object;+44
j  org.gradle.internal.service.DefaultServiceRegistry$FactoryService.createServiceInstance()Ljava/lang/Object;+1
j  org.gradle.internal.service.DefaultServiceRegistry$ManagedObjectServiceProvider.getInstance()Ljava/lang/Object;+24
j  org.gradle.internal.service.DefaultServiceRegistry$SingletonService.get()Ljava/lang/Object;+1
j  org.gradle.internal.service.DefaultServiceRegistry.find(Ljava/lang/reflect/Type;)Ljava/lang/Object;+22
j  org.gradle.internal.service.DefaultServiceRegistry.get(Ljava/lang/reflect/Type;)Ljava/lang/Object;+2
j  org.gradle.internal.service.DefaultServiceRegistry.get(Ljava/lang/Class;)Ljava/lang/Object;+3
j  org.gradle.launcher.cli.BuildActionsFactory.<init>(Lorg/gradle/internal/service/ServiceRegistry;)V+96
j  org.gradle.launcher.cli.DefaultCommandLineActionFactory.createBuildActionFactoryActionCreator(Lorg/gradle/internal/service/ServiceRegistry;Ljava/util/List;)V+6
j  org.gradle.launcher.cli.DefaultCommandLineActionFactory$ParseAndBuildAction.execute(Lorg/gradle/launcher/bootstrap/ExecutionListener;)V+12
j  org.gradle.launcher.cli.DefaultCommandLineActionFactory$ParseAndBuildAction.execute(Ljava/lang/Object;)V+5
j  org.gradle.launcher.cli.DebugLoggerWarningAction.execute(Lorg/gradle/launcher/bootstrap/ExecutionListener;)V+9
j  org.gradle.launcher.cli.DebugLoggerWarningAction.execute(Ljava/lang/Object;)V+5
j  org.gradle.launcher.cli.WelcomeMessageAction.execute(Lorg/gradle/launcher/bootstrap/ExecutionListener;)V+218
j  org.gradle.launcher.cli.WelcomeMessageAction.execute(Ljava/lang/Object;)V+5
j  org.gradle.launcher.cli.NativeServicesInitializingAction.execute(Lorg/gradle/launcher/bootstrap/ExecutionListener;)V+35
j  org.gradle.launcher.cli.NativeServicesInitializingAction.execute(Ljava/lang/Object;)V+5
j  org.gradle.launcher.cli.ExceptionReportingAction.execute(Lorg/gradle/launcher/bootstrap/ExecutionListener;)V+5
j  org.gradle.launcher.cli.ExceptionReportingAction.execute(Ljava/lang/Object;)V+5
j  org.gradle.launcher.cli.DefaultCommandLineActionFactory$WithLogging.execute(Lorg/gradle/launcher/bootstrap/ExecutionListener;)V+299
j  org.gradle.launcher.Main.doAction([Ljava/lang/String;Lorg/gradle/launcher/bootstrap/ExecutionListener;)V+14
j  org.gradle.launcher.bootstrap.EntryPoint.run([Ljava/lang/String;)V+12
v  ~StubRoutines::call_stub
j  jdk.internal.reflect.NativeMethodAccessorImpl.invoke0(Ljava/lang/reflect/Method;Ljava/lang/Object;[Ljava/lang/Object;)Ljava/lang/Object;+0 java.base@17.0.11
j  jdk.internal.reflect.NativeMethodAccessorImpl.invoke(Ljava/lang/Object;[Ljava/lang/Object;)Ljava/lang/Object;+133 java.base@17.0.11
j  jdk.internal.reflect.DelegatingMethodAccessorImpl.invoke(Ljava/lang/Object;[Ljava/lang/Object;)Ljava/lang/Object;+6 java.base@17.0.11
j  java.lang.reflect.Method.invoke(Ljava/lang/Object;[Ljava/lang/Object;)Ljava/lang/Object;+59 java.base@17.0.11
j  org.gradle.launcher.bootstrap.ProcessBootstrap.runNoExit(Ljava/lang/String;[Ljava/lang/String;)V+155
j  org.gradle.launcher.bootstrap.ProcessBootstrap.run(Ljava/lang/String;[Ljava/lang/String;)V+2
v  ~StubRoutines::call_stub
j  jdk.internal.reflect.NativeMethodAccessorImpl.invoke0(Ljava/lang/reflect/Method;Ljava/lang/Object;[Ljava/lang/Object;)Ljava/lang/Object;+0 java.base@17.0.11
j  jdk.internal.reflect.NativeMethodAccessorImpl.invoke(Ljava/lang/Object;[Ljava/lang/Object;)Ljava/lang/Object;+133 java.base@17.0.11
j  jdk.internal.reflect.DelegatingMethodAccessorImpl.invoke(Ljava/lang/Object;[Ljava/lang/Object;)Ljava/lang/Object;+6 java.base@17.0.11
j  java.lang.reflect.Method.invoke(Ljava/lang/Object;[Ljava/lang/Object;)Ljava/lang/Object;+59 java.base@17.0.11
j  org.gradle.launcher.GradleMain.main([Ljava/lang/String;)V+100
v  ~StubRoutines::call_stub
j  jdk.internal.reflect.NativeMethodAccessorImpl.invoke0(Ljava/lang/reflect/Method;Ljava/lang/Object;[Ljava/lang/Object;)Ljava/lang/Object;+0 java.base@17.0.11
j  jdk.internal.reflect.NativeMethodAccessorImpl.invoke(Ljava/lang/Object;[Ljava/lang/Object;)Ljava/lang/Object;+133 java.base@17.0.11
j  jdk.internal.reflect.DelegatingMethodAccessorImpl.invoke(Ljava/lang/Object;[Ljava/lang/Object;)Ljava/lang/Object;+6 java.base@17.0.11
j  java.lang.reflect.Method.invoke(Ljava/lang/Object;[Ljava/lang/Object;)Ljava/lang/Object;+59 java.base@17.0.11
j  org.gradle.wrapper.BootstrapMainStarter.start([Ljava/lang/String;Ljava/io/File;)V+105
j  org.gradle.wrapper.WrapperExecutor.execute([Ljava/lang/String;Lorg/gradle/wrapper/Install;Lorg/gradle/wrapper/BootstrapMainStarter;)V+14
j  org.gradle.wrapper.GradleWrapperMain.main([Ljava/lang/String;)V+206
v  ~StubRoutines::call_stub

---------------  P R O C E S S  ---------------

Threads class SMR info:
_java_thread_list=0x000001fc927500c0, length=15, elements={
0x000001fc33301790, 0x000001fc333add00, 0x000001fc333aeb80, 0x000001fc4caa43b0,
0x000001fc4caa4e80, 0x000001fc4caa8480, 0x000001fc4caa9660, 0x000001fc4caaf9b0,
0x000001fc4cab0580, 0x000001fc4cab1c80, 0x000001fc4cc40710, 0x000001fc4cc40c20,
0x000001fc4cd51a80, 0x000001fc4cd28e30, 0x000001fc4cc41130
}

Java Threads: ( => current thread )
=>0x000001fc33301790 JavaThread "main" [_thread_in_vm, id=14552, stack(0x00000037b0100000,0x00000037b0200000)]
  0x000001fc333add00 JavaThread "Reference Handler" daemon [_thread_blocked, id=9440, stack(0x00000037b0800000,0x00000037b0900000)]
  0x000001fc333aeb80 JavaThread "Finalizer" daemon [_thread_blocked, id=1948, stack(0x00000037b0900000,0x00000037b0a00000)]
  0x000001fc4caa43b0 JavaThread "Signal Dispatcher" daemon [_thread_blocked, id=6248, stack(0x00000037b0a00000,0x00000037b0b00000)]
  0x000001fc4caa4e80 JavaThread "Attach Listener" daemon [_thread_blocked, id=16444, stack(0x00000037b0b00000,0x00000037b0c00000)]
  0x000001fc4caa8480 JavaThread "Service Thread" daemon [_thread_blocked, id=16796, stack(0x00000037b0c00000,0x00000037b0d00000)]
  0x000001fc4caa9660 JavaThread "Monitor Deflation Thread" daemon [_thread_blocked, id=14056, stack(0x00000037b0d00000,0x00000037b0e00000)]
  0x000001fc4caaf9b0 JavaThread "C2 CompilerThread0" daemon [_thread_blocked, id=11504, stack(0x00000037b0e00000,0x00000037b0f00000)]
  0x000001fc4cab0580 JavaThread "C1 CompilerThread0" daemon [_thread_blocked, id=11000, stack(0x00000037b0f00000,0x00000037b1000000)]
  0x000001fc4cab1c80 JavaThread "Sweeper thread" daemon [_thread_blocked, id=18860, stack(0x00000037b1000000,0x00000037b1100000)]
  0x000001fc4cc40710 JavaThread "Notification Thread" daemon [_thread_blocked, id=14720, stack(0x00000037b1100000,0x00000037b1200000)]
  0x000001fc4cc40c20 JavaThread "Common-Cleaner" daemon [_thread_blocked, id=10944, stack(0x00000037b1300000,0x00000037b1400000)]
  0x000001fc4cd51a80 JavaThread "C2 CompilerThread1" daemon [_thread_blocked, id=13940, stack(0x00000037b1400000,0x00000037b1500000)]
  0x000001fc4cd28e30 JavaThread "C2 CompilerThread2" daemon [_thread_blocked, id=15864, stack(0x00000037b1500000,0x00000037b1600000)]
  0x000001fc4cc41130 JavaThread "pool-1-thread-1" [_thread_blocked, id=10108, stack(0x00000037b1a00000,0x00000037b1b00000)]

Other Threads:
  0x000001fc333a80f0 VMThread "VM Thread" [stack: 0x00000037b0700000,0x00000037b0800000] [id=7988]
  0x000001fc3332b080 WatcherThread [stack: 0x00000037b1200000,0x00000037b1300000] [id=16412]
  0x000001fc333217c0 GCTaskThread "GC Thread#0" [stack: 0x00000037b0200000,0x00000037b0300000] [id=19436]
  0x000001fc921186f0 GCTaskThread "GC Thread#1" [stack: 0x00000037b1600000,0x00000037b1700000] [id=14380]
  0x000001fc92bf4660 GCTaskThread "GC Thread#2" [stack: 0x00000037b1700000,0x00000037b1800000] [id=11508]
  0x000001fc92954760 GCTaskThread "GC Thread#3" [stack: 0x00000037b1800000,0x00000037b1900000] [id=1964]
  0x000001fc925e3030 GCTaskThread "GC Thread#4" [stack: 0x00000037b1900000,0x00000037b1a00000] [id=12096]
  0x000001fc33322f10 ConcurrentGCThread "G1 Main Marker" [stack: 0x00000037b0300000,0x00000037b0400000] [id=1700]
  0x000001fc33323920 ConcurrentGCThread "G1 Conc#0" [stack: 0x00000037b0400000,0x00000037b0500000] [id=10732]
  0x000001fc33388530 ConcurrentGCThread "G1 Refine#0" [stack: 0x00000037b0500000,0x00000037b0600000] [id=7144]
  0x000001fc33389f70 ConcurrentGCThread "G1 Service" [stack: 0x00000037b0600000,0x00000037b0700000] [id=13632]

Threads with active compile tasks:

VM state: not at safepoint (normal execution)

VM Mutex/Monitor currently owned by a thread:  ([mutex/lock_event])
[0x000001fc332fe580] Metaspace_lock - owner thread: 0x000001fc33301790

Heap address: 0x00000000fc000000, size: 64 MB, Compressed Oops mode: 32-bit

CDS archive(s) mapped at: [0x000001fc4d000000-0x000001fc4dbd0000-0x000001fc4dbd0000), size 12386304, SharedBaseAddress: 0x000001fc4d000000, ArchiveRelocationMode: 1.
Compressed class space mapped at: 0x000001fc4e000000-0x000001fc8e000000, reserved size: 1073741824
Narrow klass base: 0x000001fc4d000000, Narrow klass shift: 0, Narrow klass range: 0x100000000

GC Precious Log:
 CPUs: 8 total, 8 available
 Memory: 16215M
 Large Page Support: Disabled
 NUMA Support: Disabled
 Compressed Oops: Enabled (32-bit)
 Heap Region Size: 1M
 Heap Min Capacity: 64M
 Heap Initial Capacity: 64M
 Heap Max Capacity: 64M
 Pre-touch: Disabled
 Parallel Workers: 8
 Concurrent Workers: 2
 Concurrent Refinement Workers: 8
 Periodic GC: Disabled

Heap:
 garbage-first heap   total 65536K, used 17888K [0x00000000fc000000, 0x0000000100000000)
  region size 1024K, 11 young (11264K), 3 survivors (3072K)
 Metaspace       used 5433K, committed 5632K, reserved 1114112K
  class space    used 722K, committed 832K, reserved 1048576K

Heap Regions: E=young(eden), S=young(survivor), O=old, HS=humongous(starts), HC=humongous(continues), CS=collection set, F=free, OA=open archive, CA=closed archive, TAMS=top-at-mark-start (previous, next)
|   0|0x00000000fc000000, 0x00000000fc100000, 0x00000000fc100000|100%|HS|  |TAMS 0x00000000fc000000, 0x00000000fc000000| Complete 
|   1|0x00000000fc100000, 0x00000000fc200000, 0x00000000fc200000|100%|HC|  |TAMS 0x00000000fc100000, 0x00000000fc100000| Complete 
|   2|0x00000000fc200000, 0x00000000fc300000, 0x00000000fc300000|100%|HC|  |TAMS 0x00000000fc200000, 0x00000000fc200000| Complete 
|   3|0x00000000fc300000, 0x00000000fc400000, 0x00000000fc400000|100%|HC|  |TAMS 0x00000000fc300000, 0x00000000fc300000| Complete 
|   4|0x00000000fc400000, 0x00000000fc500000, 0x00000000fc500000|100%| O|  |TAMS 0x00000000fc400000, 0x00000000fc400000| Untracked 
|   5|0x00000000fc500000, 0x00000000fc600000, 0x00000000fc600000|100%| O|  |TAMS 0x00000000fc500000, 0x00000000fc500000| Untracked 
|   6|0x00000000fc600000, 0x00000000fc700000, 0x00000000fc700000|100%| O|  |TAMS 0x00000000fc600000, 0x00000000fc600000| Untracked 
|   7|0x00000000fc700000, 0x00000000fc778000, 0x00000000fc800000| 46%| O|  |TAMS 0x00000000fc700000, 0x00000000fc700000| Untracked 
|   8|0x00000000fc800000, 0x00000000fc800000, 0x00000000fc900000|  0%| F|  |TAMS 0x00000000fc800000, 0x00000000fc800000| Untracked 
|   9|0x00000000fc900000, 0x00000000fc900000, 0x00000000fca00000|  0%| F|  |TAMS 0x00000000fc900000, 0x00000000fc900000| Untracked 
|  10|0x00000000fca00000, 0x00000000fca00000, 0x00000000fcb00000|  0%| F|  |TAMS 0x00000000fca00000, 0x00000000fca00000| Untracked 
|  11|0x00000000fcb00000, 0x00000000fcb00000, 0x00000000fcc00000|  0%| F|  |TAMS 0x00000000fcb00000, 0x00000000fcb00000| Untracked 
|  12|0x00000000fcc00000, 0x00000000fcc00000, 0x00000000fcd00000|  0%| F|  |TAMS 0x00000000fcc00000, 0x00000000fcc00000| Untracked 
|  13|0x00000000fcd00000, 0x00000000fcd00000, 0x00000000fce00000|  0%| F|  |TAMS 0x00000000fcd00000, 0x00000000fcd00000| Untracked 
|  14|0x00000000fce00000, 0x00000000fce00000, 0x00000000fcf00000|  0%| F|  |TAMS 0x00000000fce00000, 0x00000000fce00000| Untracked 
|  15|0x00000000fcf00000, 0x00000000fcf00000, 0x00000000fd000000|  0%| F|  |TAMS 0x00000000fcf00000, 0x00000000fcf00000| Untracked 
|  16|0x00000000fd000000, 0x00000000fd000000, 0x00000000fd100000|  0%| F|  |TAMS 0x00000000fd000000, 0x00000000fd000000| Untracked 
|  17|0x00000000fd100000, 0x00000000fd100000, 0x00000000fd200000|  0%| F|  |TAMS 0x00000000fd100000, 0x00000000fd100000| Untracked 
|  18|0x00000000fd200000, 0x00000000fd200000, 0x00000000fd300000|  0%| F|  |TAMS 0x00000000fd200000, 0x00000000fd200000| Untracked 
|  19|0x00000000fd300000, 0x00000000fd300000, 0x00000000fd400000|  0%| F|  |TAMS 0x00000000fd300000, 0x00000000fd300000| Untracked 
|  20|0x00000000fd400000, 0x00000000fd400000, 0x00000000fd500000|  0%| F|  |TAMS 0x00000000fd400000, 0x00000000fd400000| Untracked 
|  21|0x00000000fd500000, 0x00000000fd500000, 0x00000000fd600000|  0%| F|  |TAMS 0x00000000fd500000, 0x00000000fd500000| Untracked 
|  22|0x00000000fd600000, 0x00000000fd600000, 0x00000000fd700000|  0%| F|  |TAMS 0x00000000fd600000, 0x00000000fd600000| Untracked 
|  23|0x00000000fd700000, 0x00000000fd700000, 0x00000000fd800000|  0%| F|  |TAMS 0x00000000fd700000, 0x00000000fd700000| Untracked 
|  24|0x00000000fd800000, 0x00000000fd800000, 0x00000000fd900000|  0%| F|  |TAMS 0x00000000fd800000, 0x00000000fd800000| Untracked 
|  25|0x00000000fd900000, 0x00000000fd900000, 0x00000000fda00000|  0%| F|  |TAMS 0x00000000fd900000, 0x00000000fd900000| Untracked 
|  26|0x00000000fda00000, 0x00000000fda00000, 0x00000000fdb00000|  0%| F|  |TAMS 0x00000000fda00000, 0x00000000fda00000| Untracked 
|  27|0x00000000fdb00000, 0x00000000fdb00000, 0x00000000fdc00000|  0%| F|  |TAMS 0x00000000fdb00000, 0x00000000fdb00000| Untracked 
|  28|0x00000000fdc00000, 0x00000000fdc00000, 0x00000000fdd00000|  0%| F|  |TAMS 0x00000000fdc00000, 0x00000000fdc00000| Untracked 
|  29|0x00000000fdd00000, 0x00000000fdd00000, 0x00000000fde00000|  0%| F|  |TAMS 0x00000000fdd00000, 0x00000000fdd00000| Untracked 
|  30|0x00000000fde00000, 0x00000000fde00000, 0x00000000fdf00000|  0%| F|  |TAMS 0x00000000fde00000, 0x00000000fde00000| Untracked 
|  31|0x00000000fdf00000, 0x00000000fdf00000, 0x00000000fe000000|  0%| F|  |TAMS 0x00000000fdf00000, 0x00000000fdf00000| Untracked 
|  32|0x00000000fe000000, 0x00000000fe000000, 0x00000000fe100000|  0%| F|  |TAMS 0x00000000fe000000, 0x00000000fe000000| Untracked 
|  33|0x00000000fe100000, 0x00000000fe100000, 0x00000000fe200000|  0%| F|  |TAMS 0x00000000fe100000, 0x00000000fe100000| Untracked 
|  34|0x00000000fe200000, 0x00000000fe200000, 0x00000000fe300000|  0%| F|  |TAMS 0x00000000fe200000, 0x00000000fe200000| Untracked 
|  35|0x00000000fe300000, 0x00000000fe300000, 0x00000000fe400000|  0%| F|  |TAMS 0x00000000fe300000, 0x00000000fe300000| Untracked 
|  36|0x00000000fe400000, 0x00000000fe400000, 0x00000000fe500000|  0%| F|  |TAMS 0x00000000fe400000, 0x00000000fe400000| Untracked 
|  37|0x00000000fe500000, 0x00000000fe500000, 0x00000000fe600000|  0%| F|  |TAMS 0x00000000fe500000, 0x00000000fe500000| Untracked 
|  38|0x00000000fe600000, 0x00000000fe700000, 0x00000000fe700000|100%| S|CS|TAMS 0x00000000fe600000, 0x00000000fe600000| Complete 
|  39|0x00000000fe700000, 0x00000000fe800000, 0x00000000fe800000|100%| S|CS|TAMS 0x00000000fe700000, 0x00000000fe700000| Complete 
|  40|0x00000000fe800000, 0x00000000fe900000, 0x00000000fe900000|100%| S|CS|TAMS 0x00000000fe800000, 0x00000000fe800000| Complete 
|  41|0x00000000fe900000, 0x00000000fe900000, 0x00000000fea00000|  0%| F|  |TAMS 0x00000000fe900000, 0x00000000fe900000| Untracked 
|  42|0x00000000fea00000, 0x00000000fea00000, 0x00000000feb00000|  0%| F|  |TAMS 0x00000000fea00000, 0x00000000fea00000| Untracked 
|  43|0x00000000feb00000, 0x00000000feb00000, 0x00000000fec00000|  0%| F|  |TAMS 0x00000000feb00000, 0x00000000feb00000| Untracked 
|  44|0x00000000fec00000, 0x00000000fec00000, 0x00000000fed00000|  0%| F|  |TAMS 0x00000000fec00000, 0x00000000fec00000| Untracked 
|  45|0x00000000fed00000, 0x00000000fed00000, 0x00000000fee00000|  0%| F|  |TAMS 0x00000000fed00000, 0x00000000fed00000| Untracked 
|  46|0x00000000fee00000, 0x00000000fee00000, 0x00000000fef00000|  0%| F|  |TAMS 0x00000000fee00000, 0x00000000fee00000| Untracked 
|  47|0x00000000fef00000, 0x00000000fef00000, 0x00000000ff000000|  0%| F|  |TAMS 0x00000000fef00000, 0x00000000fef00000| Untracked 
|  48|0x00000000ff000000, 0x00000000ff000000, 0x00000000ff100000|  0%| F|  |TAMS 0x00000000ff000000, 0x00000000ff000000| Untracked 
|  49|0x00000000ff100000, 0x00000000ff100000, 0x00000000ff200000|  0%| F|  |TAMS 0x00000000ff100000, 0x00000000ff100000| Untracked 
|  50|0x00000000ff200000, 0x00000000ff200000, 0x00000000ff300000|  0%| F|  |TAMS 0x00000000ff200000, 0x00000000ff200000| Untracked 
|  51|0x00000000ff300000, 0x00000000ff300000, 0x00000000ff400000|  0%| F|  |TAMS 0x00000000ff300000, 0x00000000ff300000| Untracked 
|  52|0x00000000ff400000, 0x00000000ff400000, 0x00000000ff500000|  0%| F|  |TAMS 0x00000000ff400000, 0x00000000ff400000| Untracked 
|  53|0x00000000ff500000, 0x00000000ff500000, 0x00000000ff600000|  0%| F|  |TAMS 0x00000000ff500000, 0x00000000ff500000| Untracked 
|  54|0x00000000ff600000, 0x00000000ff600000, 0x00000000ff700000|  0%| F|  |TAMS 0x00000000ff600000, 0x00000000ff600000| Untracked 
|  55|0x00000000ff700000, 0x00000000ff700000, 0x00000000ff800000|  0%| F|  |TAMS 0x00000000ff700000, 0x00000000ff700000| Untracked 
|  56|0x00000000ff800000, 0x00000000ff8d82c0, 0x00000000ff900000| 84%| E|  |TAMS 0x00000000ff800000, 0x00000000ff800000| Complete 
|  57|0x00000000ff900000, 0x00000000ffa00000, 0x00000000ffa00000|100%| E|CS|TAMS 0x00000000ff900000, 0x00000000ff900000| Complete 
|  58|0x00000000ffa00000, 0x00000000ffb00000, 0x00000000ffb00000|100%| E|CS|TAMS 0x00000000ffa00000, 0x00000000ffa00000| Complete 
|  59|0x00000000ffb00000, 0x00000000ffc00000, 0x00000000ffc00000|100%| E|CS|TAMS 0x00000000ffb00000, 0x00000000ffb00000| Complete 
|  60|0x00000000ffc00000, 0x00000000ffd00000, 0x00000000ffd00000|100%| E|CS|TAMS 0x00000000ffc00000, 0x00000000ffc00000| Complete 
|  61|0x00000000ffd00000, 0x00000000ffe00000, 0x00000000ffe00000|100%| E|CS|TAMS 0x00000000ffd00000, 0x00000000ffd00000| Complete 
|  62|0x00000000ffe00000, 0x00000000fff00000, 0x00000000fff00000|100%| E|CS|TAMS 0x00000000ffe00000, 0x00000000ffe00000| Complete 
|  63|0x00000000fff00000, 0x0000000100000000, 0x0000000100000000|100%| E|CS|TAMS 0x00000000fff00000, 0x00000000fff00000| Complete 

Card table byte_map: [0x000001fc33250000,0x000001fc33270000] _byte_map_base: 0x000001fc32a70000

Marking Bits (Prev, Next): (CMBitMap*) 0x000001fc33321de0, (CMBitMap*) 0x000001fc33321e20
 Prev Bits: [0x000001fc49f00000, 0x000001fc4a000000)
 Next Bits: [0x000001fc4a000000, 0x000001fc4a100000)

Polling page: 0x000001fc32ad0000

Metaspace:

Usage:
  Non-class:      4.60 MB used.
      Class:    722.16 KB used.
       Both:      5.31 MB used.

Virtual space:
  Non-class space:       64.00 MB reserved,       4.69 MB (  7%) committed,  1 nodes.
      Class space:        1.00 GB reserved,     832.00 KB ( <1%) committed,  1 nodes.
             Both:        1.06 GB reserved,       5.50 MB ( <1%) committed. 

Chunk freelists:
   Non-Class:  9.55 MB
       Class:  15.23 MB
        Both:  24.78 MB

MaxMetaspaceSize: unlimited
CompressedClassSpaceSize: 1.00 GB
Initial GC threshold: 21.00 MB
Current GC threshold: 21.00 MB
CDS: on
MetaspaceReclaimPolicy: balanced
 - commit_granule_bytes: 65536.
 - commit_granule_words: 8192.
 - virtual_space_node_default_size: 8388608.
 - enlarge_chunks_in_place: 1.
 - new_chunks_are_fully_committed: 0.
 - uncommit_free_chunks: 1.
 - use_allocation_guard: 0.
 - handle_deallocations: 1.


Internal statistics:

num_allocs_failed_limit: 0.
num_arena_births: 58.
num_arena_deaths: 0.
num_vsnodes_births: 2.
num_vsnodes_deaths: 0.
num_space_committed: 88.
num_space_uncommitted: 0.
num_chunks_returned_to_freelist: 0.
num_chunks_taken_from_freelist: 197.
num_chunk_merges: 0.
num_chunk_splits: 139.
num_chunks_enlarged: 118.
num_inconsistent_stats: 0.

CodeHeap 'non-profiled nmethods': size=120000Kb used=426Kb max_used=426Kb free=119573Kb
 bounds [0x000001fc42690000, 0x000001fc42900000, 0x000001fc49bc0000]
CodeHeap 'profiled nmethods': size=120000Kb used=1888Kb max_used=1888Kb free=118111Kb
 bounds [0x000001fc3abc0000, 0x000001fc3ae30000, 0x000001fc420f0000]
CodeHeap 'non-nmethods': size=5760Kb used=1142Kb max_used=1171Kb free=4617Kb
 bounds [0x000001fc420f0000, 0x000001fc42360000, 0x000001fc42690000]
 total_blobs=1431 nmethods=1002 adapters=342
 compilation: enabled
              stopped_count=0, restarted_count=0
 full_count=0

Compilation events (20 events):
Event: 0.511 Thread 0x000001fc4cab0580 nmethod 995 0x000001fc3ad92b10 code [0x000001fc3ad92ca0, 0x000001fc3ad92dd8]
Event: 0.511 Thread 0x000001fc4cab0580  991       3       java.lang.invoke.MemberName::isResolved (13 bytes)
Event: 0.511 Thread 0x000001fc4cab0580 nmethod 991 0x000001fc3ad92e90 code [0x000001fc3ad93020, 0x000001fc3ad93198]
Event: 0.511 Thread 0x000001fc4cd51a80 nmethod 982 0x000001fc426f8d10 code [0x000001fc426f8ea0, 0x000001fc426f9338]
Event: 0.513 Thread 0x000001fc4cab0580  996       3       jdk.internal.org.objectweb.asm.MethodWriter::endCurrentBasicBlockWithNoSuccessor (94 bytes)
Event: 0.513 Thread 0x000001fc4caaf9b0  998       4       java.util.concurrent.ConcurrentHashMap::get (162 bytes)
Event: 0.513 Thread 0x000001fc4cab0580 nmethod 996 0x000001fc3ad93210 code [0x000001fc3ad93400, 0x000001fc3ad93a88]
Event: 0.513 Thread 0x000001fc4cab0580  997       3       jdk.internal.org.objectweb.asm.AnnotationWriter::putAnnotations (67 bytes)
Event: 0.513 Thread 0x000001fc4cab0580 nmethod 997 0x000001fc3ad93c90 code [0x000001fc3ad93ea0, 0x000001fc3ad942d8]
Event: 0.515 Thread 0x000001fc4caaf9b0 nmethod 998 0x000001fc426f9510 code [0x000001fc426f96a0, 0x000001fc426f9998]
Event: 0.515 Thread 0x000001fc4cab0580  999       3       java.lang.Class::cast (27 bytes)
Event: 0.516 Thread 0x000001fc4cab0580 nmethod 999 0x000001fc3ad94590 code [0x000001fc3ad94740, 0x000001fc3ad949f8]
Event: 0.517 Thread 0x000001fc4caaf9b0 1000       4       jdk.internal.misc.Unsafe::allocateUninitializedArray (55 bytes)
Event: 0.518 Thread 0x000001fc4cd28e30 1001       4       jdk.internal.misc.Unsafe::allocateUninitializedArray0 (90 bytes)
Event: 0.518 Thread 0x000001fc4caaf9b0 nmethod 1000 0x000001fc426f9c10 code [0x000001fc426f9da0, 0x000001fc426f9f78]
Event: 0.518 Thread 0x000001fc4cd28e30 nmethod 1001 0x000001fc426fa110 code [0x000001fc426fa2a0, 0x000001fc426fa478]
Event: 0.520 Thread 0x000001fc4cd28e30 1002       4       jdk.internal.misc.Unsafe::allocateUninitializedArray (55 bytes)
Event: 0.520 Thread 0x000001fc4cab0580 1003   !   3       java.net.URLClassLoader::defineClass (224 bytes)
Event: 0.521 Thread 0x000001fc4cd28e30 nmethod 1002 0x000001fc426fa590 code [0x000001fc426fa720, 0x000001fc426fa8d8]
Event: 0.522 Thread 0x000001fc4cab0580 nmethod 1003 0x000001fc3ad94b10 code [0x000001fc3ad94fc0, 0x000001fc3ad971c8]

GC Heap History (2 events):
Event: 0.410 GC heap before
{Heap before GC invocations=0 (full 0):
 garbage-first heap   total 65536K, used 26624K [0x00000000fc000000, 0x0000000100000000)
  region size 1024K, 23 young (23552K), 0 survivors (0K)
 Metaspace       used 3397K, committed 3584K, reserved 1114112K
  class space    used 400K, committed 512K, reserved 1048576K
}
Event: 0.414 GC heap after
{Heap after GC invocations=1 (full 0):
 garbage-first heap   total 65536K, used 10720K [0x00000000fc000000, 0x0000000100000000)
  region size 1024K, 3 young (3072K), 3 survivors (3072K)
 Metaspace       used 3397K, committed 3584K, reserved 1114112K
  class space    used 400K, committed 512K, reserved 1048576K
}

Deoptimization events (20 events):
Event: 0.470 Thread 0x000001fc33301790 Uncommon trap: trap_request=0xffffff45 fr.pc=0x000001fc426b35cc relative=0x00000000000008ec
Event: 0.470 Thread 0x000001fc33301790 Uncommon trap: reason=unstable_if action=reinterpret pc=0x000001fc426b35cc method=java.io.WinNTFileSystem.resolve(Ljava/lang/String;Ljava/lang/String;)Ljava/lang/String; @ 70 c2
Event: 0.470 Thread 0x000001fc33301790 DEOPT PACKING pc=0x000001fc426b35cc sp=0x00000037b01fc1c0
Event: 0.470 Thread 0x000001fc33301790 DEOPT UNPACKING pc=0x000001fc421423a3 sp=0x00000037b01fc170 mode 2
Event: 0.519 Thread 0x000001fc33301790 Uncommon trap: trap_request=0xffffffde fr.pc=0x000001fc426f9ec8 relative=0x0000000000000128
Event: 0.519 Thread 0x000001fc33301790 Uncommon trap: reason=class_check action=maybe_recompile pc=0x000001fc426f9ec8 method=jdk.internal.misc.Unsafe.allocateUninitializedArray(Ljava/lang/Class;I)Ljava/lang/Object; @ 51 c2
Event: 0.519 Thread 0x000001fc33301790 DEOPT PACKING pc=0x000001fc426f9ec8 sp=0x00000037b01f7950
Event: 0.519 Thread 0x000001fc33301790 DEOPT UNPACKING pc=0x000001fc421423a3 sp=0x00000037b01f78d8 mode 2
Event: 0.519 Thread 0x000001fc33301790 Uncommon trap: trap_request=0xffffffde fr.pc=0x000001fc426f9ec8 relative=0x0000000000000128
Event: 0.519 Thread 0x000001fc33301790 Uncommon trap: reason=class_check action=maybe_recompile pc=0x000001fc426f9ec8 method=jdk.internal.misc.Unsafe.allocateUninitializedArray(Ljava/lang/Class;I)Ljava/lang/Object; @ 51 c2
Event: 0.519 Thread 0x000001fc33301790 DEOPT PACKING pc=0x000001fc426f9ec8 sp=0x00000037b01f79f0
Event: 0.519 Thread 0x000001fc33301790 DEOPT UNPACKING pc=0x000001fc421423a3 sp=0x00000037b01f7978 mode 2
Event: 0.519 Thread 0x000001fc33301790 Uncommon trap: trap_request=0xffffffde fr.pc=0x000001fc426f9ec8 relative=0x0000000000000128
Event: 0.519 Thread 0x000001fc33301790 Uncommon trap: reason=class_check action=maybe_recompile pc=0x000001fc426f9ec8 method=jdk.internal.misc.Unsafe.allocateUninitializedArray(Ljava/lang/Class;I)Ljava/lang/Object; @ 51 c2
Event: 0.519 Thread 0x000001fc33301790 DEOPT PACKING pc=0x000001fc426f9ec8 sp=0x00000037b01f7a20
Event: 0.519 Thread 0x000001fc33301790 DEOPT UNPACKING pc=0x000001fc421423a3 sp=0x00000037b01f79a8 mode 2
Event: 0.519 Thread 0x000001fc33301790 Uncommon trap: trap_request=0xffffffde fr.pc=0x000001fc426f9ec8 relative=0x0000000000000128
Event: 0.519 Thread 0x000001fc33301790 Uncommon trap: reason=class_check action=maybe_recompile pc=0x000001fc426f9ec8 method=jdk.internal.misc.Unsafe.allocateUninitializedArray(Ljava/lang/Class;I)Ljava/lang/Object; @ 51 c2
Event: 0.519 Thread 0x000001fc33301790 DEOPT PACKING pc=0x000001fc426f9ec8 sp=0x00000037b01f7ac0
Event: 0.519 Thread 0x000001fc33301790 DEOPT UNPACKING pc=0x000001fc421423a3 sp=0x00000037b01f7a48 mode 2

Classes unloaded (0 events):
No events

Classes redefined (0 events):
No events

Internal exceptions (9 events):
Event: 0.108 Thread 0x000001fc33301790 Exception <a 'java/lang/NoSuchMethodError'{0x00000000ffcf7ad8}: 'int java.lang.invoke.DirectMethodHandle$Holder.invokeStaticInit(java.lang.Object, java.lang.Object)'> (0x00000000ffcf7ad8) 
thrown [s\open\src\hotspot\share\interpreter\linkResolver.cpp, line 759]
Event: 0.421 Thread 0x000001fc33301790 Exception <a 'java/lang/NoSuchMethodError'{0x00000000fff5c560}: 'void java.lang.invoke.DirectMethodHandle$Holder.invokeStatic(java.lang.Object, java.lang.Object)'> (0x00000000fff5c560) 
thrown [s\open\src\hotspot\share\interpreter\linkResolver.cpp, line 759]
Event: 0.434 Thread 0x000001fc33301790 Exception <a 'java/lang/NoClassDefFoundError'{0x00000000fffe2ab0}: org/slf4j/impl/StaticMarkerBinder> (0x00000000fffe2ab0) 
thrown [s\open\src\hotspot\share\classfile\systemDictionary.cpp, line 245]
Event: 0.444 Thread 0x000001fc33301790 Exception <a 'java/lang/NoSuchMethodError'{0x00000000ffe83eb0}: 'java.lang.Object java.lang.invoke.DirectMethodHandle$Holder.invokeVirtual(java.lang.Object, java.lang.Object, java.lang.Object, java.lang.Object, java.lang.Object, java.lang.Object, java.lang.Object)'> (0x00000000ffe83eb0) 
thrown [s\open\src\hotspot\share\interpreter\linkResolver.cpp, line 759]
Event: 0.445 Thread 0x000001fc33301790 Exception <a 'java/lang/NoSuchMethodError'{0x00000000ffe95470}: 'java.lang.Object java.lang.invoke.Invokers$Holder.invoker(java.lang.Object, java.lang.Object, java.lang.Object)'> (0x00000000ffe95470) 
thrown [s\open\src\hotspot\share\interpreter\linkResolver.cpp, line 759]
Event: 0.447 Thread 0x000001fc33301790 Exception <a 'java/lang/NoSuchMethodError'{0x00000000ffe9e648}: 'java.lang.Object java.lang.invoke.DirectMethodHandle$Holder.invokeStatic(java.lang.Object, java.lang.Object, int)'> (0x00000000ffe9e648) 
thrown [s\open\src\hotspot\share\interpreter\linkResolver.cpp, line 759]
Event: 0.448 Thread 0x000001fc33301790 Exception <a 'java/lang/NoSuchMethodError'{0x00000000ffeaa338}: 'void java.lang.invoke.DelegatingMethodHandle$Holder.delegate(java.lang.Object, java.lang.Object, int, java.lang.Object)'> (0x00000000ffeaa338) 
thrown [s\open\src\hotspot\share\interpreter\linkResolver.cpp, line 759]
Event: 0.448 Thread 0x000001fc33301790 Exception <a 'java/lang/NoSuchMethodError'{0x00000000ffeae500}: 'int java.lang.invoke.DirectMethodHandle$Holder.invokeSpecial(java.lang.Object, java.lang.Object, java.lang.Object)'> (0x00000000ffeae500) 
thrown [s\open\src\hotspot\share\interpreter\linkResolver.cpp, line 759]
Event: 0.451 Thread 0x000001fc33301790 Exception <a 'java/lang/NoSuchMethodError'{0x00000000ffec1648}: 'java.lang.Object java.lang.invoke.Invokers$Holder.invokeExact_MT(java.lang.Object, java.lang.Object, java.lang.Object, java.lang.Object)'> (0x00000000ffec1648) 
thrown [s\open\src\hotspot\share\interpreter\linkResolver.cpp, line 759]

VM Operations (8 events):
Event: 0.048 Executing VM operation: HandshakeAllThreads
Event: 0.048 Executing VM operation: HandshakeAllThreads done
Event: 0.410 Executing VM operation: G1CollectForAllocation
Event: 0.414 Executing VM operation: G1CollectForAllocation done
Event: 0.432 Executing VM operation: HandshakeAllThreads
Event: 0.432 Executing VM operation: HandshakeAllThreads done
Event: 0.446 Executing VM operation: HandshakeAllThreads
Event: 0.447 Executing VM operation: HandshakeAllThreads done

Events (20 events):
Event: 0.496 loading class sun/reflect/annotation/AnnotationInvocationHandler
Event: 0.496 loading class sun/reflect/annotation/AnnotationInvocationHandler done
Event: 0.497 loading class java/lang/annotation/Target
Event: 0.497 loading class java/lang/annotation/Target done
Event: 0.499 loading class java/lang/Class$AnnotationData
Event: 0.500 loading class java/lang/Class$AnnotationData done
Event: 0.502 loading class java/util/concurrent/atomic/AtomicBoolean
Event: 0.502 loading class java/util/concurrent/atomic/AtomicBoolean done
Event: 0.512 loading class java/io/FileNotFoundException
Event: 0.512 loading class java/io/FileNotFoundException done
Event: 0.517 loading class java/util/concurrent/CopyOnWriteArraySet
Event: 0.517 loading class java/util/concurrent/CopyOnWriteArraySet done
Event: 0.522 loading class java/util/concurrent/SynchronousQueue
Event: 0.522 loading class java/util/concurrent/SynchronousQueue done
Event: 0.522 loading class java/util/concurrent/SynchronousQueue$TransferStack
Event: 0.522 loading class java/util/concurrent/SynchronousQueue$Transferer
Event: 0.522 loading class java/util/concurrent/SynchronousQueue$Transferer done
Event: 0.522 loading class java/util/concurrent/SynchronousQueue$TransferStack done
Event: 0.522 loading class java/util/concurrent/SynchronousQueue$TransferStack$SNode
Event: 0.522 loading class java/util/concurrent/SynchronousQueue$TransferStack$SNode done


Dynamic libraries:
0x00007ff736540000 - 0x00007ff736550000 	C:\Program Files\Java\jdk-17\bin\java.exe
0x00007ffbc4c10000 - 0x00007ffbc4e08000 	C:\WINDOWS\SYSTEM32\ntdll.dll
0x00007ffbc2c40000 - 0x00007ffbc2cfd000 	C:\WINDOWS\System32\KERNEL32.DLL
0x00007ffbc2740000 - 0x00007ffbc2a36000 	C:\WINDOWS\System32\KERNELBASE.dll
0x00007ffbc22c0000 - 0x00007ffbc23c0000 	C:\WINDOWS\System32\ucrtbase.dll
0x00007ffbad350000 - 0x00007ffbad369000 	C:\Program Files\Java\jdk-17\bin\jli.dll
0x00007ffbaa840000 - 0x00007ffbaa85b000 	C:\Program Files\Java\jdk-17\bin\VCRUNTIME140.dll
0x00007ffbc4a00000 - 0x00007ffbc4ab0000 	C:\WINDOWS\System32\ADVAPI32.dll
0x00007ffbc4120000 - 0x00007ffbc41be000 	C:\WINDOWS\System32\msvcrt.dll
0x00007ffbc31f0000 - 0x00007ffbc3290000 	C:\WINDOWS\System32\sechost.dll
0x00007ffbc48d0000 - 0x00007ffbc49f3000 	C:\WINDOWS\System32\RPCRT4.dll
0x00007ffbc2520000 - 0x00007ffbc2547000 	C:\WINDOWS\System32\bcrypt.dll
0x00007ffbc3e00000 - 0x00007ffbc3f9f000 	C:\WINDOWS\System32\USER32.dll
0x00007ffba7d40000 - 0x00007ffba7fda000 	C:\WINDOWS\WinSxS\amd64_microsoft.windows.common-controls_6595b64144ccf1df_6.0.19041.4355_none_60b8b9eb71f62e16\COMCTL32.dll
0x00007ffbc2550000 - 0x00007ffbc2572000 	C:\WINDOWS\System32\win32u.dll
0x00007ffbc3dd0000 - 0x00007ffbc3dfb000 	C:\WINDOWS\System32\GDI32.dll
0x00007ffbc2ad0000 - 0x00007ffbc2be7000 	C:\WINDOWS\System32\gdi32full.dll
0x00007ffbc25f0000 - 0x00007ffbc268d000 	C:\WINDOWS\System32\msvcp_win.dll
0x00007ffbbb410000 - 0x00007ffbbb41a000 	C:\WINDOWS\SYSTEM32\VERSION.dll
0x00007ffbc3d00000 - 0x00007ffbc3d32000 	C:\WINDOWS\System32\IMM32.DLL
0x00007ffba6df0000 - 0x00007ffba6dfc000 	C:\Program Files\Java\jdk-17\bin\vcruntime140_1.dll
0x00007ffb5fee0000 - 0x00007ffb5ff6e000 	C:\Program Files\Java\jdk-17\bin\msvcp140.dll
0x00007ffb5f260000 - 0x00007ffb5fe40000 	C:\Program Files\Java\jdk-17\bin\server\jvm.dll
0x00007ffbc3cf0000 - 0x00007ffbc3cf8000 	C:\WINDOWS\System32\PSAPI.DLL
0x00007ffba8e10000 - 0x00007ffba8e37000 	C:\WINDOWS\SYSTEM32\WINMM.dll
0x00007ffbad180000 - 0x00007ffbad189000 	C:\WINDOWS\SYSTEM32\WSOCK32.dll
0x00007ffbc4000000 - 0x00007ffbc406b000 	C:\WINDOWS\System32\WS2_32.dll
0x00007ffbc0ad0000 - 0x00007ffbc0ae2000 	C:\WINDOWS\SYSTEM32\kernel.appcore.dll
0x00007ffb97bd0000 - 0x00007ffb97bda000 	C:\Program Files\Java\jdk-17\bin\jimage.dll
0x00007ffbc0040000 - 0x00007ffbc0224000 	C:\WINDOWS\SYSTEM32\DBGHELP.DLL
0x00007ffb9f3b0000 - 0x00007ffb9f3e4000 	C:\WINDOWS\SYSTEM32\dbgcore.DLL
0x00007ffbc2a40000 - 0x00007ffbc2ac2000 	C:\WINDOWS\System32\bcryptPrimitives.dll
0x00007ffb86fe0000 - 0x00007ffb87005000 	C:\Program Files\Java\jdk-17\bin\java.dll
0x00007ffb5f180000 - 0x00007ffb5f257000 	C:\Program Files\Java\jdk-17\bin\jsvml.dll
0x00007ffbc3320000 - 0x00007ffbc3a8b000 	C:\WINDOWS\System32\SHELL32.dll
0x00007ffbc0230000 - 0x00007ffbc09cd000 	C:\WINDOWS\SYSTEM32\windows.storage.dll
0x00007ffbc43c0000 - 0x00007ffbc4713000 	C:\WINDOWS\System32\combase.dll
0x00007ffbc1ce0000 - 0x00007ffbc1d0e000 	C:\WINDOWS\SYSTEM32\Wldp.dll
0x00007ffbc4720000 - 0x00007ffbc47ed000 	C:\WINDOWS\System32\OLEAUT32.dll
0x00007ffbc3a90000 - 0x00007ffbc3b3d000 	C:\WINDOWS\System32\SHCORE.dll
0x00007ffbc4230000 - 0x00007ffbc4285000 	C:\WINDOWS\System32\shlwapi.dll
0x00007ffbc21f0000 - 0x00007ffbc2214000 	C:\WINDOWS\SYSTEM32\profapi.dll
0x00007ffb96dc0000 - 0x00007ffb96dd9000 	C:\Program Files\Java\jdk-17\bin\net.dll
0x00007ffbb8ac0000 - 0x00007ffbb8bca000 	C:\WINDOWS\SYSTEM32\WINHTTP.dll
0x00007ffbc1a40000 - 0x00007ffbc1aaa000 	C:\WINDOWS\system32\mswsock.dll
0x00007ffb96680000 - 0x00007ffb96696000 	C:\Program Files\Java\jdk-17\bin\nio.dll
0x00007ffb88e00000 - 0x00007ffb88e18000 	C:\Program Files\Java\jdk-17\bin\zip.dll
0x00007ffb88c40000 - 0x00007ffb88c50000 	C:\Program Files\Java\jdk-17\bin\verify.dll
0x00007ffba8db0000 - 0x00007ffba8dd7000 	C:\Users\86150\.gradle\native\c067742578af261105cb4f569cf0c3c89f3d7b1fecec35dd04571415982c5e48\windows-amd64\native-platform.dll
0x00007ffbbd8b0000 - 0x00007ffbbd8ba000 	C:\Users\86150\.gradle\native\jansi\1.18\windows64\jansi.dll

dbghelp: loaded successfully - version: 4.0.5 - missing functions: none
symbol engine: initialized successfully - sym options: 0x614 - pdb path: .;C:\Program Files\Java\jdk-17\bin;C:\WINDOWS\SYSTEM32;C:\WINDOWS\WinSxS\amd64_microsoft.windows.common-controls_6595b64144ccf1df_6.0.19041.4355_none_60b8b9eb71f62e16;C:\Program Files\Java\jdk-17\bin\server;C:\Users\86150\.gradle\native\c067742578af261105cb4f569cf0c3c89f3d7b1fecec35dd04571415982c5e48\windows-amd64;C:\Users\86150\.gradle\native\jansi\1.18\windows64

VM Arguments:
jvm_args: -Xmx64m -Xms64m -Dorg.gradle.appname=gradlew 
java_command: org.gradle.wrapper.GradleWrapperMain app:installDebug -PreactNativeDevServerPort=8081
java_class_path (initial): D:\projects\juejin\android\\gradle\wrapper\gradle-wrapper.jar
Launcher Type: SUN_STANDARD

[Global flags]
     intx CICompilerCount                          = 4                                         {product} {ergonomic}
     uint ConcGCThreads                            = 2                                         {product} {ergonomic}
     uint G1ConcRefinementThreads                  = 8                                         {product} {ergonomic}
   size_t G1HeapRegionSize                         = 1048576                                   {product} {ergonomic}
    uintx GCDrainStackTargetSize                   = 64                                        {product} {ergonomic}
   size_t InitialHeapSize                          = 67108864                                  {product} {command line}
   size_t MarkStackSize                            = 4194304                                   {product} {ergonomic}
   size_t MaxHeapSize                              = 67108864                                  {product} {command line}
   size_t MaxNewSize                               = 39845888                                  {product} {ergonomic}
   size_t MinHeapDeltaBytes                        = 1048576                                   {product} {ergonomic}
   size_t MinHeapSize                              = 67108864                                  {product} {command line}
    uintx NonNMethodCodeHeapSize                   = 5839372                                {pd product} {ergonomic}
    uintx NonProfiledCodeHeapSize                  = 122909434                              {pd product} {ergonomic}
    uintx ProfiledCodeHeapSize                     = 122909434                              {pd product} {ergonomic}
    uintx ReservedCodeCacheSize                    = 251658240                              {pd product} {ergonomic}
     bool SegmentedCodeCache                       = true                                      {product} {ergonomic}
   size_t SoftMaxHeapSize                          = 67108864                               {manageable} {ergonomic}
     bool UseCompressedClassPointers               = true                           {product lp64_product} {ergonomic}
     bool UseCompressedOops                        = true                           {product lp64_product} {ergonomic}
     bool UseG1GC                                  = true                                      {product} {ergonomic}
     bool UseLargePagesIndividualAllocation        = false                                  {pd product} {ergonomic}

Logging:
Log output configuration:
 #0: stdout all=warning uptime,level,tags
 #1: stderr all=off uptime,level,tags

Environment Variables:
JAVA_HOME=C:\Program Files\Java\jdk-17
CLASSPATH=D:\projects\juejin\android\\gradle\wrapper\gradle-wrapper.jar
PATH=C:\Users\86150\AppData\Local\Temp\yarn--1717773806152-0.5283344843566498;D:\projects\juejin\node_modules\.bin;C:\Users\86150\AppData\Local\Yarn\Data\link\node_modules\.bin;C:\Users\86150\AppData\Local\Yarn\bin;C:\Program Files\libexec\lib\node_modules\npm\bin\node-gyp-bin;C:\Program Files\lib\node_modules\npm\bin\node-gyp-bin;C:\Program Files\nodejs\node_modules\npm\bin\node-gyp-bin;C:\Users\86150\bin;C:\Program Files\Git\mingw64\bin;C:\Program Files\Git\usr\local\bin;C:\Program Files\Git\usr\bin;C:\Program Files\Git\usr\bin;C:\Program Files\Git\mingw64\bin;C:\Program Files\Git\usr\bin;C:\Users\86150\bin;C:\Program Files\Common Files\Oracle\Java\javapath;C:\Windows\system32;C:\Windows;C:\Windows\System32\Wbem;C:\Windows\System32\WindowsPowerShell\v1.0;C:\Windows\System32\OpenSSH;C:\Program Files (x86)\NVIDIA Corporation\PhysX\Common;C:\Program Files\NVIDIA Corporation\NVIDIA NvDLISR;C:\Program Files\MongoDB\Server\4.4\bin;C:\Python27;C:\Program Files\Java\jdk-17\bin;C:\Users\86150\AppData\Local\Android\android-sdk\tools;C:\Users\86150\AppData\Local\Android\android-sdk\platform-tools;C:\Users\86150\AppData\Local\Android\android-sdk\tools\bin;C:\Users\86150\AppData\Local\Android\android-sdk\build-tools\29.0.3;C:\redis;C:\WINDOWS\system32;C:\WINDOWS;C:\WINDOWS\System32\Wbem;C:\WINDOWS\System32\WindowsPowerShell\v1.0;C:\WINDOWS\System32\OpenSSH;C:\Program Files\Git\cmd;C:\Program Files\Go\bin;C:\Program Files (x86)\Tencent\微信web开发者工具\dll;C:\Program Files\nodejs;C:\ProgramData\chocolatey\bin;C:\Users\86150\AppData\Local\Microsoft\WindowsApps;C:\Users\86150\AppData\Local\Programs\Microsoft VS Code\bin;C:\Users\86150\go\bin;C:\Program Files (x86)\Tencent\QQGameTempest\Hall.57938;C:\Program Files\Huawei\DevEco Studio\bin;C:\Users\86150\AppData\Roaming\npm;C:\tools\dart-sdk\bin;C:\Users\86150\AppData\Local\Pub\Cache\bin;C:\Program Files\Git\usr\bin\vendor_perl;C:\Program Files\Git\usr\bin\core_perl
USERNAME=86150
SHELL=C:\Program Files\Git\usr\bin\bash.exe
DISPLAY=needs-to-be-defined
LANG=zh_CN.UTF-8
OS=Windows_NT
PROCESSOR_IDENTIFIER=Intel64 Family 6 Model 165 Stepping 2, GenuineIntel



---------------  S Y S T E M  ---------------

OS:
 Windows 10 , 64 bit Build 19041 (10.0.19041.3636)
OS uptime: 0 days 5:31 hours

CPU: total 8 (initial active 8) (4 cores per cpu, 2 threads per core) family 6 model 165 stepping 2 microcode 0xc8, cx8, cmov, fxsr, ht, mmx, 3dnowpref, sse, sse2, sse3, ssse3, sse4.1, sse4.2, popcnt, lzcnt, tsc, tscinvbit, avx, avx2, aes, erms, clmul, bmi1, bmi2, adx, fma, vzeroupper, clflush, clflushopt

Memory: 4k page, system-wide physical 16215M (7114M free)
TotalPageFile size 46667M (AvailPageFile size 5M)
current process WorkingSet (physical memory assigned to process): 88M, peak: 88M
current process commit charge ("private bytes"): 163M, peak: 163M

vm_info: Java HotSpot(TM) 64-Bit Server VM (17.0.11+7-LTS-207) for windows-amd64 JRE (17.0.11+7-LTS-207), built on Mar 11 2024 19:01:50 by "mach5one" with MS VC++ 17.6 (VS2022)

END.
